2026-04-20 10:20:11 | INFO     | root                           | Log file: C:\Users\nak\Documents\Projet\POS-APP\logs\pos_app_20260420.log
2026-04-20 10:20:11 | INFO     | root                           | === POS Application Starting ===
2026-04-20 10:20:11 | INFO     | root                           | Python: 3.14.4 (tags/v3.14.4:23116f9, Apr  7 2026, 14:10:54) [MSC v.1944 64 bit (AMD64)]
2026-04-20 10:20:11 | INFO     | root                           | Platform: win32
2026-04-20 10:20:13 | INFO     | controllers.main_controller    | Session opened for Caissier 1 (role: caissier) - operateur_id: 53, session_id: 191
2026-04-20 10:20:13 | INFO     | core.database.product_repository | Found 0 promo products
2026-04-20 10:20:13 | INFO     | core.database.product_repository | Found 30 products near DLV within 30 days
2026-04-20 10:20:13 | INFO     | core.database.product_repository | Found 2 products with passed DLV to remove
2026-04-20 10:20:13 | DEBUG    | controllers.main_controller    | Header data refreshed: 0 transactions, 0 promo, 30 near DLV, 2 to remove
2026-04-20 10:20:13 | DEBUG    | controllers.main_controller    | Product loader thread started
2026-04-20 10:20:13 | INFO     | root                           | === Main Window Shown ===
2026-04-20 10:20:13 | INFO     | core.database.product_repository | Found 0 promo products
2026-04-20 10:20:13 | INFO     | core.database.product_repository | Found 30 products near DLV within 30 days
2026-04-20 10:20:13 | INFO     | core.database.product_repository | Found 2 products with passed DLV to remove
2026-04-20 10:20:13 | DEBUG    | controllers.main_controller    | Header data refreshed: 0 transactions, 0 promo, 30 near DLV, 2 to remove
2026-04-20 10:20:13 | DEBUG    | controllers.main_controller    | Products loaded: 418 items
2026-04-20 10:20:20 | DEBUG    | controllers.main_controller    | Totals for 2026-04-20: depenses=0, ventes=0, caisse=0
2026-04-20 10:20:22 | INFO     | controllers.main_controller    | Session closed: 191
2026-04-20 11:36:54 | INFO     | root                           | Log file: C:\Users\nak\Documents\Projet\POS-APP\logs\pos_app_20260420.log
2026-04-20 11:36:54 | INFO     | root                           | === POS Application Starting ===
2026-04-20 11:36:54 | INFO     | root                           | Python: 3.14.4 (tags/v3.14.4:23116f9, Apr  7 2026, 14:10:54) [MSC v.1944 64 bit (AMD64)]
2026-04-20 11:36:54 | INFO     | root                           | Platform: win32
2026-04-20 11:36:56 | INFO     | controllers.main_controller    | Session opened for Caissier 1 (role: caissier) - operateur_id: 53, session_id: 192
2026-04-20 11:36:56 | INFO     | core.database.product_repository | Found 0 promo products
2026-04-20 11:36:56 | INFO     | core.database.product_repository | Found 30 products near DLV within 30 days
2026-04-20 11:36:56 | INFO     | core.database.product_repository | Found 2 products with passed DLV to remove
2026-04-20 11:36:56 | DEBUG    | controllers.main_controller    | Header data refreshed: 0 transactions, 0 promo, 30 near DLV, 2 to remove
2026-04-20 11:36:56 | DEBUG    | controllers.main_controller    | Product loader thread started
2026-04-20 11:36:56 | INFO     | root                           | === Main Window Shown ===
2026-04-20 11:36:57 | DEBUG    | controllers.main_controller    | Products loaded: 418 items
2026-04-20 11:37:08 | INFO     | core.database.product_repository | Found 0 promo products
2026-04-20 11:37:08 | INFO     | core.database.product_repository | Found 30 products near DLV within 30 days
2026-04-20 11:37:08 | INFO     | core.database.product_repository | Found 2 products with passed DLV to remove
2026-04-20 11:37:08 | DEBUG    | controllers.main_controller    | Header data refreshed: 0 transactions, 0 promo, 30 near DLV, 2 to remove
2026-04-20 11:37:08 | DEBUG    | controllers.main_controller    | Totals for 2026-04-20: depenses=0, ventes=0, caisse=0
2026-04-20 11:37:32 | ERROR    | root                           | Uncaught exception: IndexError: No item with that key
Traceback (most recent call last):
  File "C:\Users\nak\Documents\Projet\POS-APP\main_window.py", line 545, in _open_tracking
    dialog = SuiviAnalyseDialog(parent=self, db_manager=self.controller.db_manager)
  File "C:\Users\nak\Documents\Projet\POS-APP\ui\dialogs\suivi_analyse_dialog.py", line 56, in __init__
    self._load_data()
    ~~~~~~~~~~~~~~~^^
  File "C:\Users\nak\Documents\Projet\POS-APP\ui\dialogs\suivi_analyse_dialog.py", line 223, in _load_data
    "achats_ttc": int(row["achats_ttc"] or 0),
                      ~~~^^^^^^^^^^^^^^
IndexError: No item with that key
2026-04-20 11:37:40 | ERROR    | root                           | Uncaught exception: IndexError: No item with that key
Traceback (most recent call last):
  File "C:\Users\nak\Documents\Projet\POS-APP\main_window.py", line 545, in _open_tracking
    dialog = SuiviAnalyseDialog(parent=self, db_manager=self.controller.db_manager)
  File "C:\Users\nak\Documents\Projet\POS-APP\ui\dialogs\suivi_analyse_dialog.py", line 56, in __init__
    self._load_data()
    ~~~~~~~~~~~~~~~^^
  File "C:\Users\nak\Documents\Projet\POS-APP\ui\dialogs\suivi_analyse_dialog.py", line 223, in _load_data
    "achats_ttc": int(row["achats_ttc"] or 0),
                      ~~~^^^^^^^^^^^^^^
IndexError: No item with that key
2026-04-20 11:37:44 | ERROR    | root                           | Uncaught exception: IndexError: No item with that key
Traceback (most recent call last):
  File "C:\Users\nak\Documents\Projet\POS-APP\main_window.py", line 545, in _open_tracking
    dialog = SuiviAnalyseDialog(parent=self, db_manager=self.controller.db_manager)
  File "C:\Users\nak\Documents\Projet\POS-APP\ui\dialogs\suivi_analyse_dialog.py", line 56, in __init__
    self._load_data()
    ~~~~~~~~~~~~~~~^^
  File "C:\Users\nak\Documents\Projet\POS-APP\ui\dialogs\suivi_analyse_dialog.py", line 223, in _load_data
    "achats_ttc": int(row["achats_ttc"] or 0),
                      ~~~^^^^^^^^^^^^^^
IndexError: No item with that key
2026-04-20 11:37:48 | ERROR    | root                           | Uncaught exception: IndexError: No item with that key
Traceback (most recent call last):
  File "C:\Users\nak\Documents\Projet\POS-APP\main_window.py", line 545, in _open_tracking
    dialog = SuiviAnalyseDialog(parent=self, db_manager=self.controller.db_manager)
  File "C:\Users\nak\Documents\Projet\POS-APP\ui\dialogs\suivi_analyse_dialog.py", line 56, in __init__
    self._load_data()
    ~~~~~~~~~~~~~~~^^
  File "C:\Users\nak\Documents\Projet\POS-APP\ui\dialogs\suivi_analyse_dialog.py", line 223, in _load_data
    "achats_ttc": int(row["achats_ttc"] or 0),
                      ~~~^^^^^^^^^^^^^^
IndexError: No item with that key
2026-04-20 11:37:52 | ERROR    | root                           | Uncaught exception: IndexError: No item with that key
Traceback (most recent call last):
  File "C:\Users\nak\Documents\Projet\POS-APP\main_window.py", line 545, in _open_tracking
    dialog = SuiviAnalyseDialog(parent=self, db_manager=self.controller.db_manager)
  File "C:\Users\nak\Documents\Projet\POS-APP\ui\dialogs\suivi_analyse_dialog.py", line 56, in __init__
    self._load_data()
    ~~~~~~~~~~~~~~~^^
  File "C:\Users\nak\Documents\Projet\POS-APP\ui\dialogs\suivi_analyse_dialog.py", line 223, in _load_data
    "achats_ttc": int(row["achats_ttc"] or 0),
                      ~~~^^^^^^^^^^^^^^
IndexError: No item with that key
2026-04-20 11:38:28 | ERROR    | root                           | Uncaught exception: IndexError: No item with that key
Traceback (most recent call last):
  File "C:\Users\nak\Documents\Projet\POS-APP\main_window.py", line 545, in _open_tracking
    dialog = SuiviAnalyseDialog(parent=self, db_manager=self.controller.db_manager)
  File "C:\Users\nak\Documents\Projet\POS-APP\ui\dialogs\suivi_analyse_dialog.py", line 56, in __init__
    self._load_data()
    ~~~~~~~~~~~~~~~^^
  File "C:\Users\nak\Documents\Projet\POS-APP\ui\dialogs\suivi_analyse_dialog.py", line 223, in _load_data
    "achats_ttc": int(row["achats_ttc"] or 0),
                      ~~~^^^^^^^^^^^^^^
IndexError: No item with that key
2026-04-20 11:38:30 | INFO     | controllers.main_controller    | Session closed: 192
2026-04-20 12:56:24 | INFO     | root                           | Log file: C:\Users\nak\Documents\Projet\POS-APP\logs\pos_app_20260420.log
2026-04-20 12:56:24 | INFO     | root                           | === POS Application Starting ===
2026-04-20 12:56:24 | INFO     | root                           | Python: 3.14.4 (tags/v3.14.4:23116f9, Apr  7 2026, 14:10:54) [MSC v.1944 64 bit (AMD64)]
2026-04-20 12:56:24 | INFO     | root                           | Platform: win32
2026-04-20 12:56:26 | INFO     | controllers.main_controller    | Session opened for Caissier 1 (role: caissier) - operateur_id: 53, session_id: 193
2026-04-20 12:56:26 | INFO     | core.database.product_repository | Found 0 promo products
2026-04-20 12:56:26 | INFO     | core.database.product_repository | Found 30 products near DLV within 30 days
2026-04-20 12:56:26 | INFO     | core.database.product_repository | Found 2 products with passed DLV to remove
2026-04-20 12:56:26 | DEBUG    | controllers.main_controller    | Header data refreshed: 0 transactions, 0 promo, 30 near DLV, 2 to remove
2026-04-20 12:56:26 | DEBUG    | controllers.main_controller    | Product loader thread started
2026-04-20 12:56:27 | INFO     | root                           | === Main Window Shown ===
2026-04-20 12:56:27 | DEBUG    | controllers.main_controller    | Products loaded: 418 items
2026-04-20 12:56:31 | INFO     | core.database.product_repository | Found 0 promo products
2026-04-20 12:56:31 | INFO     | core.database.product_repository | Found 30 products near DLV within 30 days
2026-04-20 12:56:31 | INFO     | core.database.product_repository | Found 2 products with passed DLV to remove
2026-04-20 12:56:31 | DEBUG    | controllers.main_controller    | Header data refreshed: 0 transactions, 0 promo, 30 near DLV, 2 to remove
2026-04-20 12:56:31 | DEBUG    | controllers.main_controller    | Totals for 2026-04-20: depenses=0, ventes=0, caisse=0
2026-04-20 12:56:39 | DEBUG    | controllers.main_controller    | App state updated: mode=achat
2026-04-20 12:56:55 | INFO     | controllers.main_controller    | Session closed: 193
