2026-04-17 22:25:45 | INFO     | root                           | Log file: C:\Users\nak\Documents\Projet\POS-APP\logs\pos_app_20260417.log
2026-04-17 22:25:45 | INFO     | root                           | === POS Application Starting ===
2026-04-17 22:25:45 | INFO     | root                           | Python: 3.14.4 (tags/v3.14.4:23116f9, Apr  7 2026, 14:10:54) [MSC v.1944 64 bit (AMD64)]
2026-04-17 22:25:45 | INFO     | root                           | Platform: win32
2026-04-17 22:25:48 | INFO     | controllers.main_controller    | Session opened for Caissier 1 (role: caissier) - operateur_id: 53, session_id: 185
2026-04-17 22:25:48 | INFO     | core.database.product_repository | Found 0 promo products
2026-04-17 22:25:48 | INFO     | core.database.product_repository | Found 28 products near DLV within 30 days
2026-04-17 22:25:48 | INFO     | core.database.product_repository | Found 2 products with passed DLV to remove
2026-04-17 22:25:48 | DEBUG    | controllers.main_controller    | Header data refreshed: 0 transactions, 0 promo, 28 near DLV, 2 to remove
2026-04-17 22:25:48 | DEBUG    | controllers.main_controller    | Product loader thread started
2026-04-17 22:25:49 | INFO     | root                           | === Main Window Shown ===
2026-04-17 22:25:49 | DEBUG    | controllers.main_controller    | Products loaded: 418 items
2026-04-17 22:25:55 | INFO     | core.database.product_repository | Found 0 promo products
2026-04-17 22:25:55 | INFO     | core.database.product_repository | Found 28 products near DLV within 30 days
2026-04-17 22:25:55 | INFO     | core.database.product_repository | Found 2 products with passed DLV to remove
2026-04-17 22:25:55 | DEBUG    | controllers.main_controller    | Header data refreshed: 0 transactions, 0 promo, 28 near DLV, 2 to remove
2026-04-17 22:25:55 | DEBUG    | controllers.main_controller    | Totals for 2026-04-17: depenses=0, ventes=0, caisse=0
2026-04-17 22:26:17 | INFO     | controllers.main_controller    | Session closed: 185
2026-04-17 22:32:15 | INFO     | root                           | Log file: C:\Users\nak\Documents\Projet\POS-APP\logs\pos_app_20260417.log
2026-04-17 22:32:15 | INFO     | root                           | === POS Application Starting ===
2026-04-17 22:32:15 | INFO     | root                           | Python: 3.14.4 (tags/v3.14.4:23116f9, Apr  7 2026, 14:10:54) [MSC v.1944 64 bit (AMD64)]
2026-04-17 22:32:15 | INFO     | root                           | Platform: win32
2026-04-17 22:32:18 | INFO     | controllers.main_controller    | Session opened for Caissier 1 (role: caissier) - operateur_id: 53, session_id: 186
2026-04-17 22:32:18 | INFO     | core.database.product_repository | Found 0 promo products
2026-04-17 22:32:18 | INFO     | core.database.product_repository | Found 28 products near DLV within 30 days
2026-04-17 22:32:18 | INFO     | core.database.product_repository | Found 2 products with passed DLV to remove
2026-04-17 22:32:18 | DEBUG    | controllers.main_controller    | Header data refreshed: 0 transactions, 0 promo, 28 near DLV, 2 to remove
2026-04-17 22:32:18 | DEBUG    | controllers.main_controller    | Product loader thread started
2026-04-17 22:32:18 | INFO     | root                           | === Main Window Shown ===
2026-04-17 22:32:18 | INFO     | core.database.product_repository | Found 0 promo products
2026-04-17 22:32:18 | INFO     | core.database.product_repository | Found 28 products near DLV within 30 days
2026-04-17 22:32:18 | INFO     | core.database.product_repository | Found 2 products with passed DLV to remove
2026-04-17 22:32:18 | DEBUG    | controllers.main_controller    | Header data refreshed: 0 transactions, 0 promo, 28 near DLV, 2 to remove
2026-04-17 22:32:18 | DEBUG    | controllers.main_controller    | Products loaded: 418 items
2026-04-17 22:32:26 | DEBUG    | controllers.main_controller    | Totals for 2026-04-17: depenses=0, ventes=0, caisse=0
2026-04-17 22:32:45 | DEBUG    | ui.zone_panier.draft_manager   | Draft set for mode 'vente': True
2026-04-17 22:32:52 | DEBUG    | ui.zone_panier.draft_manager   | Draft set for mode 'vente': True
2026-04-17 22:32:54 | ERROR    | ui.zone_panier.base_basket_widget | Error checking stock: no such column: p.m3
2026-04-17 22:32:54 | DEBUG    | ui.zone_panier.draft_manager   | Draft cleared for mode 'vente'
2026-04-17 22:32:55 | DEBUG    | ui.zone_panier.draft_manager   | Draft set for mode 'vente': True
2026-04-17 22:32:58 | ERROR    | ui.zone_panier.base_basket_widget | Error checking stock: no such column: p.m3
2026-04-17 22:32:58 | DEBUG    | ui.zone_panier.draft_manager   | Draft cleared for mode 'vente'
2026-04-17 22:33:00 | ERROR    | ui.zone_panier.zone_vente      | Error checking stock for 71: no such column: p.m3
2026-04-17 22:33:00 | ERROR    | ui.zone_panier.zone_vente      | Error checking stock for 79: no such column: p.m3
2026-04-17 22:33:01 | ERROR    | root                           | Uncaught exception: OperationalError: 11 values for 10 columns
Traceback (most recent call last):
  File "C:\Users\nak\Documents\Projet\POS-APP\ui\zone_panier\zone_vente.py", line 344, in collect_active_basket
    PanierTransactionsService.apply_tracking_collection(
    ~~~~~~~~~~~~~~~~~~~~~~~~~~~~~~~~~~~~~~~~~~~~~~~~~~~^
        day,
        ^^^^
    ...<2 lines>...
        tracking_service=self.tracking_service,
        ^^^^^^^^^^^^^^^^^^^^^^^^^^^^^^^^^^^^^^^
    )
    ^
  File "C:\Users\nak\Documents\Projet\POS-APP\services\panier_transactions_service.py", line 72, in apply_tracking_collection
    tracking_service.apply_collection(day, items)
    ~~~~~~~~~~~~~~~~~~~~~~~~~~~~~~~~~^^^^^^^^^^^^
  File "C:\Users\nak\Documents\Projet\POS-APP\services\suivi_journalier_service.py", line 43, in apply_collection
    current_rows = self.get_tracking_rows(jour)
  File "C:\Users\nak\Documents\Projet\POS-APP\services\suivi_journalier_service.py", line 19, in get_tracking_rows
    return self.db_manager.get_daily_suivi_form(jour)
           ~~~~~~~~~~~~~~~~~~~~~~~~~~~~~~~~~~~~^^^^^^
  File "C:\Users\nak\Documents\Projet\POS-APP\core\database\_manager.py", line 468, in get_daily_tracking_form
    return self.followups.get_daily_tracking_form(day)
           ~~~~~~~~~~~~~~~~~~~~~~~~~~~~~~~~~~~~~~^^^^^
  File "C:\Users\nak\Documents\Projet\POS-APP\repositories\followup_repository.py", line 460, in get_daily_tracking_form
    self._initialize_daily_tracking_form_if_missing(target_day)
    ~~~~~~~~~~~~~~~~~~~~~~~~~~~~~~~~~~~~~~~~~~~~~~~^^^^^^^^^^^^
  File "C:\Users\nak\Documents\Projet\POS-APP\repositories\followup_repository.py", line 416, in _initialize_daily_tracking_form_if_missing
    conn.execute(
    ~~~~~~~~~~~~^
        """
        ^^^
    ...<11 lines>...
        (str(day), cat_id, si, achats, ca, cloturee),
        ^^^^^^^^^^^^^^^^^^^^^^^^^^^^^^^^^^^^^^^^^^^^^
    )
    ^
sqlite3.OperationalError: 11 values for 10 columns
2026-04-17 22:33:17 | ERROR    | ui.zone_panier.zone_vente      | Error checking stock for 71: no such column: p.m3
2026-04-17 22:33:17 | ERROR    | ui.zone_panier.zone_vente      | Error checking stock for 79: no such column: p.m3
2026-04-17 22:33:20 | ERROR    | root                           | Uncaught exception: OperationalError: 11 values for 10 columns
Traceback (most recent call last):
  File "C:\Users\nak\Documents\Projet\POS-APP\ui\zone_panier\zone_vente.py", line 344, in collect_active_basket
    PanierTransactionsService.apply_tracking_collection(
    ~~~~~~~~~~~~~~~~~~~~~~~~~~~~~~~~~~~~~~~~~~~~~~~~~~~^
        day,
        ^^^^
    ...<2 lines>...
        tracking_service=self.tracking_service,
        ^^^^^^^^^^^^^^^^^^^^^^^^^^^^^^^^^^^^^^^
    )
    ^
  File "C:\Users\nak\Documents\Projet\POS-APP\services\panier_transactions_service.py", line 72, in apply_tracking_collection
    tracking_service.apply_collection(day, items)
    ~~~~~~~~~~~~~~~~~~~~~~~~~~~~~~~~~^^^^^^^^^^^^
  File "C:\Users\nak\Documents\Projet\POS-APP\services\suivi_journalier_service.py", line 43, in apply_collection
    current_rows = self.get_tracking_rows(jour)
  File "C:\Users\nak\Documents\Projet\POS-APP\services\suivi_journalier_service.py", line 19, in get_tracking_rows
    return self.db_manager.get_daily_suivi_form(jour)
           ~~~~~~~~~~~~~~~~~~~~~~~~~~~~~~~~~~~~^^^^^^
  File "C:\Users\nak\Documents\Projet\POS-APP\core\database\_manager.py", line 468, in get_daily_tracking_form
    return self.followups.get_daily_tracking_form(day)
           ~~~~~~~~~~~~~~~~~~~~~~~~~~~~~~~~~~~~~~^^^^^
  File "C:\Users\nak\Documents\Projet\POS-APP\repositories\followup_repository.py", line 460, in get_daily_tracking_form
    self._initialize_daily_tracking_form_if_missing(target_day)
    ~~~~~~~~~~~~~~~~~~~~~~~~~~~~~~~~~~~~~~~~~~~~~~~^^^^^^^^^^^^
  File "C:\Users\nak\Documents\Projet\POS-APP\repositories\followup_repository.py", line 416, in _initialize_daily_tracking_form_if_missing
    conn.execute(
    ~~~~~~~~~~~~^
        """
        ^^^
    ...<11 lines>...
        (str(day), cat_id, si, achats, ca, cloturee),
        ^^^^^^^^^^^^^^^^^^^^^^^^^^^^^^^^^^^^^^^^^^^^^
    )
    ^
sqlite3.OperationalError: 11 values for 10 columns
2026-04-17 22:37:26 | INFO     | controllers.main_controller    | Session closed: 186
2026-04-17 22:37:32 | INFO     | root                           | Log file: C:\Users\nak\Documents\Projet\POS-APP\logs\pos_app_20260417.log
2026-04-17 22:37:32 | INFO     | root                           | === POS Application Starting ===
2026-04-17 22:37:32 | INFO     | root                           | Python: 3.14.4 (tags/v3.14.4:23116f9, Apr  7 2026, 14:10:54) [MSC v.1944 64 bit (AMD64)]
2026-04-17 22:37:32 | INFO     | root                           | Platform: win32
2026-04-17 22:37:35 | INFO     | controllers.main_controller    | Session opened for Caissier 1 (role: caissier) - operateur_id: 53, session_id: 187
2026-04-17 22:37:35 | INFO     | core.database.product_repository | Found 0 promo products
2026-04-17 22:37:35 | INFO     | core.database.product_repository | Found 28 products near DLV within 30 days
2026-04-17 22:37:35 | INFO     | core.database.product_repository | Found 2 products with passed DLV to remove
2026-04-17 22:37:35 | DEBUG    | controllers.main_controller    | Header data refreshed: 0 transactions, 0 promo, 28 near DLV, 2 to remove
2026-04-17 22:37:35 | DEBUG    | controllers.main_controller    | Product loader thread started
2026-04-17 22:37:35 | INFO     | root                           | === Main Window Shown ===
2026-04-17 22:37:35 | INFO     | core.database.product_repository | Found 0 promo products
2026-04-17 22:37:35 | INFO     | core.database.product_repository | Found 28 products near DLV within 30 days
2026-04-17 22:37:35 | INFO     | core.database.product_repository | Found 2 products with passed DLV to remove
2026-04-17 22:37:35 | DEBUG    | controllers.main_controller    | Header data refreshed: 0 transactions, 0 promo, 28 near DLV, 2 to remove
2026-04-17 22:37:35 | DEBUG    | controllers.main_controller    | Products loaded: 418 items
2026-04-17 22:37:45 | DEBUG    | controllers.main_controller    | Totals for 2026-04-17: depenses=0, ventes=0, caisse=0
2026-04-17 22:38:00 | DEBUG    | ui.zone_panier.draft_manager   | Draft set for mode 'vente': True
2026-04-17 22:38:05 | DEBUG    | ui.zone_panier.draft_manager   | Draft cleared for mode 'vente'
2026-04-17 22:38:06 | DEBUG    | ui.zone_panier.draft_manager   | Draft set for mode 'vente': True
2026-04-17 22:38:07 | DEBUG    | ui.zone_panier.draft_manager   | Draft cleared for mode 'vente'
2026-04-17 22:38:10 | DEBUG    | controllers.main_controller    | [DEBUG] record_sales called with 2 rows
2026-04-17 22:38:10 | DEBUG    | controllers.main_controller    | Totals for 2026-04-17: depenses=0, ventes=26 500, caisse=26 500
2026-04-17 22:38:10 | INFO     | core.database.product_repository | Found 0 promo products
2026-04-17 22:38:10 | INFO     | core.database.product_repository | Found 28 products near DLV within 30 days
2026-04-17 22:38:10 | INFO     | core.database.product_repository | Found 2 products with passed DLV to remove
2026-04-17 22:38:10 | DEBUG    | controllers.main_controller    | Header data refreshed: 2 transactions, 0 promo, 28 near DLV, 2 to remove
2026-04-17 22:38:10 | DEBUG    | controllers.main_controller    | Product loader thread started
2026-04-17 22:38:10 | DEBUG    | ui.zone_panier.draft_manager   | Draft cleared for mode 'vente'
2026-04-17 22:38:10 | DEBUG    | controllers.main_controller    | Totals for 2026-04-17: depenses=0, ventes=26 500, caisse=26 500
2026-04-17 22:38:10 | INFO     | core.database.product_repository | Found 0 promo products
2026-04-17 22:38:10 | INFO     | core.database.product_repository | Found 28 products near DLV within 30 days
2026-04-17 22:38:10 | INFO     | core.database.product_repository | Found 2 products with passed DLV to remove
2026-04-17 22:38:10 | DEBUG    | controllers.main_controller    | Header data refreshed: 2 transactions, 0 promo, 28 near DLV, 2 to remove
2026-04-17 22:38:10 | DEBUG    | controllers.main_controller    | Product loader thread started
2026-04-17 22:38:10 | DEBUG    | controllers.main_controller    | Products loaded: 418 items
2026-04-17 22:38:10 | DEBUG    | controllers.main_controller    | Products loaded: 418 items
2026-04-17 22:38:11 | DEBUG    | controllers.main_controller    | Totals for 2026-04-17: depenses=0, ventes=26 500, caisse=26 500
2026-04-17 22:38:11 | DEBUG    | controllers.main_controller    | Totals for 2026-04-17: depenses=0, ventes=26 500, caisse=26 500
2026-04-17 22:38:36 | DEBUG    | ui.zone_panier.draft_manager   | Draft set for mode 'vente': True
2026-04-17 22:38:38 | DEBUG    | ui.zone_panier.draft_manager   | Draft cleared for mode 'vente'
2026-04-17 22:38:51 | DEBUG    | ui.zone_panier.draft_manager   | Draft set for mode 'vente': True
2026-04-17 22:38:55 | DEBUG    | ui.zone_panier.draft_manager   | Draft cleared for mode 'vente'
2026-04-17 22:39:13 | DEBUG    | ui.zone_panier.draft_manager   | Draft set for mode 'vente': True
2026-04-17 22:39:15 | DEBUG    | ui.zone_panier.draft_manager   | Draft cleared for mode 'vente'
2026-04-17 22:39:23 | DEBUG    | ui.zone_panier.draft_manager   | Draft set for mode 'vente': True
2026-04-17 22:39:24 | DEBUG    | ui.zone_panier.draft_manager   | Draft cleared for mode 'vente'
2026-04-17 22:39:26 | DEBUG    | ui.zone_panier.draft_manager   | Draft set for mode 'vente': True
2026-04-17 22:39:30 | DEBUG    | ui.zone_panier.draft_manager   | Draft cleared for mode 'vente'
2026-04-17 22:39:46 | DEBUG    | ui.zone_panier.draft_manager   | Draft set for mode 'vente': True
2026-04-17 22:39:47 | DEBUG    | ui.zone_panier.draft_manager   | Draft cleared for mode 'vente'
2026-04-17 22:39:55 | DEBUG    | ui.zone_panier.draft_manager   | Draft set for mode 'vente': True
2026-04-17 22:39:56 | DEBUG    | ui.zone_panier.draft_manager   | Draft cleared for mode 'vente'
2026-04-17 22:40:03 | DEBUG    | ui.zone_panier.draft_manager   | Draft set for mode 'vente': True
2026-04-17 22:40:04 | DEBUG    | ui.zone_panier.draft_manager   | Draft cleared for mode 'vente'
2026-04-17 22:40:14 | DEBUG    | ui.zone_panier.draft_manager   | Draft set for mode 'vente': True
2026-04-17 22:40:17 | DEBUG    | ui.zone_panier.draft_manager   | Draft cleared for mode 'vente'
2026-04-17 22:40:32 | DEBUG    | ui.zone_panier.draft_manager   | Draft set for mode 'vente': True
2026-04-17 22:40:34 | DEBUG    | ui.zone_panier.draft_manager   | Draft cleared for mode 'vente'
2026-04-17 22:40:49 | DEBUG    | ui.zone_panier.draft_manager   | Draft set for mode 'vente': True
2026-04-17 22:40:51 | DEBUG    | ui.zone_panier.draft_manager   | Draft cleared for mode 'vente'
2026-04-17 22:41:07 | DEBUG    | ui.zone_panier.draft_manager   | Draft set for mode 'vente': True
2026-04-17 22:41:08 | DEBUG    | ui.zone_panier.draft_manager   | Draft cleared for mode 'vente'
2026-04-17 22:41:12 | DEBUG    | ui.zone_panier.draft_manager   | Draft set for mode 'vente': True
2026-04-17 22:41:14 | DEBUG    | ui.zone_panier.draft_manager   | Draft cleared for mode 'vente'
2026-04-17 22:41:18 | DEBUG    | ui.zone_panier.draft_manager   | Draft set for mode 'vente': True
2026-04-17 22:41:20 | DEBUG    | ui.zone_panier.draft_manager   | Draft cleared for mode 'vente'
2026-04-17 22:41:24 | DEBUG    | ui.zone_panier.draft_manager   | Draft set for mode 'vente': True
2026-04-17 22:41:26 | DEBUG    | ui.zone_panier.draft_manager   | Draft cleared for mode 'vente'
2026-04-17 22:41:30 | DEBUG    | ui.zone_panier.draft_manager   | Draft set for mode 'vente': True
2026-04-17 22:41:31 | DEBUG    | ui.zone_panier.draft_manager   | Draft cleared for mode 'vente'
2026-04-17 22:41:36 | DEBUG    | ui.zone_panier.draft_manager   | Draft set for mode 'vente': True
2026-04-17 22:41:39 | DEBUG    | ui.zone_panier.draft_manager   | Draft cleared for mode 'vente'
2026-04-17 22:41:41 | DEBUG    | controllers.main_controller    | [DEBUG] record_sales called with 17 rows
2026-04-17 22:41:42 | DEBUG    | controllers.main_controller    | Totals for 2026-04-17: depenses=0, ventes=134 100, caisse=134 100
2026-04-17 22:41:42 | INFO     | core.database.product_repository | Found 0 promo products
2026-04-17 22:41:42 | INFO     | core.database.product_repository | Found 28 products near DLV within 30 days
2026-04-17 22:41:42 | INFO     | core.database.product_repository | Found 2 products with passed DLV to remove
2026-04-17 22:41:42 | DEBUG    | controllers.main_controller    | Header data refreshed: 19 transactions, 0 promo, 28 near DLV, 2 to remove
2026-04-17 22:41:42 | DEBUG    | controllers.main_controller    | Product loader thread started
2026-04-17 22:41:42 | DEBUG    | ui.zone_panier.draft_manager   | Draft cleared for mode 'vente'
2026-04-17 22:41:42 | DEBUG    | controllers.main_controller    | Totals for 2026-04-17: depenses=0, ventes=134 100, caisse=134 100
2026-04-17 22:41:42 | INFO     | core.database.product_repository | Found 0 promo products
2026-04-17 22:41:42 | INFO     | core.database.product_repository | Found 28 products near DLV within 30 days
2026-04-17 22:41:42 | INFO     | core.database.product_repository | Found 2 products with passed DLV to remove
2026-04-17 22:41:42 | DEBUG    | controllers.main_controller    | Header data refreshed: 19 transactions, 0 promo, 28 near DLV, 2 to remove
2026-04-17 22:41:42 | DEBUG    | controllers.main_controller    | Product loader thread started
2026-04-17 22:41:42 | DEBUG    | controllers.main_controller    | Products loaded: 418 items
2026-04-17 22:41:43 | DEBUG    | controllers.main_controller    | Products loaded: 418 items
2026-04-17 22:41:43 | DEBUG    | controllers.main_controller    | Totals for 2026-04-17: depenses=0, ventes=134 100, caisse=134 100
2026-04-17 22:41:43 | DEBUG    | controllers.main_controller    | Totals for 2026-04-17: depenses=0, ventes=134 100, caisse=134 100
2026-04-17 22:42:04 | DEBUG    | ui.zone_panier.draft_manager   | Draft set for mode 'vente': True
2026-04-17 22:42:06 | DEBUG    | ui.zone_panier.draft_manager   | Draft cleared for mode 'vente'
2026-04-17 22:42:10 | DEBUG    | ui.zone_panier.draft_manager   | Draft set for mode 'vente': True
2026-04-17 22:42:12 | DEBUG    | ui.zone_panier.draft_manager   | Draft cleared for mode 'vente'
2026-04-17 22:42:22 | DEBUG    | ui.zone_panier.draft_manager   | Draft set for mode 'vente': True
2026-04-17 22:42:24 | DEBUG    | ui.zone_panier.draft_manager   | Draft cleared for mode 'vente'
2026-04-17 22:42:31 | DEBUG    | ui.zone_panier.draft_manager   | Draft set for mode 'vente': True
2026-04-17 22:42:32 | DEBUG    | ui.zone_panier.draft_manager   | Draft cleared for mode 'vente'
2026-04-17 22:42:36 | DEBUG    | ui.zone_panier.draft_manager   | Draft set for mode 'vente': True
2026-04-17 22:42:39 | DEBUG    | ui.zone_panier.draft_manager   | Draft cleared for mode 'vente'
2026-04-17 22:42:44 | DEBUG    | ui.zone_panier.draft_manager   | Draft set for mode 'vente': True
2026-04-17 22:42:46 | DEBUG    | ui.zone_panier.draft_manager   | Draft cleared for mode 'vente'
2026-04-17 22:42:50 | DEBUG    | ui.zone_panier.draft_manager   | Draft set for mode 'vente': True
2026-04-17 22:42:51 | DEBUG    | ui.zone_panier.draft_manager   | Draft cleared for mode 'vente'
2026-04-17 22:42:56 | DEBUG    | controllers.main_controller    | [DEBUG] record_sales called with 7 rows
2026-04-17 22:42:56 | DEBUG    | controllers.main_controller    | Totals for 2026-04-17: depenses=0, ventes=183 400, caisse=183 400
2026-04-17 22:42:56 | INFO     | core.database.product_repository | Found 0 promo products
2026-04-17 22:42:56 | INFO     | core.database.product_repository | Found 28 products near DLV within 30 days
2026-04-17 22:42:56 | INFO     | core.database.product_repository | Found 2 products with passed DLV to remove
2026-04-17 22:42:56 | DEBUG    | controllers.main_controller    | Header data refreshed: 26 transactions, 0 promo, 28 near DLV, 2 to remove
2026-04-17 22:42:56 | DEBUG    | controllers.main_controller    | Product loader thread started
2026-04-17 22:42:56 | DEBUG    | ui.zone_panier.draft_manager   | Draft cleared for mode 'vente'
2026-04-17 22:42:56 | DEBUG    | controllers.main_controller    | Totals for 2026-04-17: depenses=0, ventes=183 400, caisse=183 400
2026-04-17 22:42:56 | INFO     | core.database.product_repository | Found 0 promo products
2026-04-17 22:42:56 | INFO     | core.database.product_repository | Found 28 products near DLV within 30 days
2026-04-17 22:42:56 | INFO     | core.database.product_repository | Found 2 products with passed DLV to remove
2026-04-17 22:42:56 | DEBUG    | controllers.main_controller    | Header data refreshed: 26 transactions, 0 promo, 28 near DLV, 2 to remove
2026-04-17 22:42:56 | DEBUG    | controllers.main_controller    | Product loader thread started
2026-04-17 22:42:56 | DEBUG    | controllers.main_controller    | Products loaded: 418 items
2026-04-17 22:42:57 | DEBUG    | controllers.main_controller    | Products loaded: 418 items
2026-04-17 22:42:57 | DEBUG    | controllers.main_controller    | Totals for 2026-04-17: depenses=0, ventes=183 400, caisse=183 400
2026-04-17 22:42:57 | DEBUG    | controllers.main_controller    | Totals for 2026-04-17: depenses=0, ventes=183 400, caisse=183 400
2026-04-17 22:43:06 | DEBUG    | ui.zone_panier.draft_manager   | Draft set for mode 'vente': True
2026-04-17 22:43:07 | DEBUG    | ui.zone_panier.draft_manager   | Draft cleared for mode 'vente'
2026-04-17 22:43:11 | DEBUG    | ui.zone_panier.draft_manager   | Draft set for mode 'vente': True
2026-04-17 22:43:14 | DEBUG    | ui.zone_panier.draft_manager   | Draft cleared for mode 'vente'
2026-04-17 22:43:24 | DEBUG    | ui.zone_panier.draft_manager   | Draft set for mode 'vente': True
2026-04-17 22:43:25 | DEBUG    | ui.zone_panier.draft_manager   | Draft cleared for mode 'vente'
2026-04-17 22:44:10 | DEBUG    | controllers.main_controller    | [DEBUG] record_sales called with 3 rows
2026-04-17 22:44:10 | DEBUG    | controllers.main_controller    | Totals for 2026-04-17: depenses=0, ventes=194 600, caisse=194 600
2026-04-17 22:44:10 | INFO     | core.database.product_repository | Found 0 promo products
2026-04-17 22:44:10 | INFO     | core.database.product_repository | Found 28 products near DLV within 30 days
2026-04-17 22:44:10 | INFO     | core.database.product_repository | Found 2 products with passed DLV to remove
2026-04-17 22:44:10 | DEBUG    | controllers.main_controller    | Header data refreshed: 29 transactions, 0 promo, 28 near DLV, 2 to remove
2026-04-17 22:44:10 | DEBUG    | controllers.main_controller    | Product loader thread started
2026-04-17 22:44:10 | DEBUG    | ui.zone_panier.draft_manager   | Draft cleared for mode 'vente'
2026-04-17 22:44:10 | DEBUG    | controllers.main_controller    | Totals for 2026-04-17: depenses=0, ventes=194 600, caisse=194 600
2026-04-17 22:44:10 | INFO     | core.database.product_repository | Found 0 promo products
2026-04-17 22:44:10 | INFO     | core.database.product_repository | Found 28 products near DLV within 30 days
2026-04-17 22:44:10 | INFO     | core.database.product_repository | Found 2 products with passed DLV to remove
2026-04-17 22:44:10 | DEBUG    | controllers.main_controller    | Header data refreshed: 29 transactions, 0 promo, 28 near DLV, 2 to remove
2026-04-17 22:44:10 | DEBUG    | controllers.main_controller    | Product loader thread started
2026-04-17 22:44:10 | DEBUG    | controllers.main_controller    | Products loaded: 418 items
2026-04-17 22:44:11 | DEBUG    | controllers.main_controller    | Products loaded: 418 items
2026-04-17 22:44:11 | DEBUG    | controllers.main_controller    | Totals for 2026-04-17: depenses=0, ventes=194 600, caisse=194 600
2026-04-17 22:44:11 | DEBUG    | controllers.main_controller    | Totals for 2026-04-17: depenses=0, ventes=194 600, caisse=194 600
2026-04-17 22:44:28 | INFO     | core.database.product_repository | Found 0 promo products
2026-04-17 22:44:28 | INFO     | core.database.product_repository | Found 28 products near DLV within 30 days
2026-04-17 22:44:28 | INFO     | core.database.product_repository | Found 2 products with passed DLV to remove
2026-04-17 22:44:28 | DEBUG    | controllers.main_controller    | Header data refreshed: 29 transactions, 0 promo, 28 near DLV, 2 to remove
2026-04-17 22:44:38 | DEBUG    | ui.zone_panier.draft_manager   | Draft set for mode 'vente': True
2026-04-17 22:44:39 | DEBUG    | ui.zone_panier.draft_manager   | Draft cleared for mode 'vente'
2026-04-17 22:44:43 | DEBUG    | ui.zone_panier.draft_manager   | Draft set for mode 'vente': True
2026-04-17 22:44:44 | DEBUG    | ui.zone_panier.draft_manager   | Draft cleared for mode 'vente'
2026-04-17 22:44:58 | DEBUG    | ui.zone_panier.draft_manager   | Draft set for mode 'vente': True
2026-04-17 22:45:00 | DEBUG    | ui.zone_panier.draft_manager   | Draft cleared for mode 'vente'
2026-04-17 22:45:06 | DEBUG    | ui.zone_panier.draft_manager   | Draft set for mode 'vente': True
2026-04-17 22:45:09 | DEBUG    | ui.zone_panier.draft_manager   | Draft cleared for mode 'vente'
2026-04-17 22:45:14 | DEBUG    | ui.zone_panier.draft_manager   | Draft set for mode 'vente': True
2026-04-17 22:45:15 | DEBUG    | ui.zone_panier.draft_manager   | Draft cleared for mode 'vente'
2026-04-17 22:45:38 | DEBUG    | ui.zone_panier.draft_manager   | Draft set for mode 'vente': True
2026-04-17 22:45:39 | DEBUG    | ui.zone_panier.draft_manager   | Draft cleared for mode 'vente'
2026-04-17 22:45:42 | DEBUG    | controllers.main_controller    | [DEBUG] record_sales called with 6 rows
2026-04-17 22:45:42 | DEBUG    | controllers.main_controller    | Totals for 2026-04-17: depenses=0, ventes=215 400, caisse=215 400
2026-04-17 22:45:42 | INFO     | core.database.product_repository | Found 0 promo products
2026-04-17 22:45:42 | INFO     | core.database.product_repository | Found 28 products near DLV within 30 days
2026-04-17 22:45:42 | INFO     | core.database.product_repository | Found 2 products with passed DLV to remove
2026-04-17 22:45:42 | DEBUG    | controllers.main_controller    | Header data refreshed: 35 transactions, 0 promo, 28 near DLV, 2 to remove
2026-04-17 22:45:42 | DEBUG    | controllers.main_controller    | Product loader thread started
2026-04-17 22:45:42 | DEBUG    | ui.zone_panier.draft_manager   | Draft cleared for mode 'vente'
2026-04-17 22:45:42 | DEBUG    | controllers.main_controller    | Totals for 2026-04-17: depenses=0, ventes=215 400, caisse=215 400
2026-04-17 22:45:42 | INFO     | core.database.product_repository | Found 0 promo products
2026-04-17 22:45:42 | INFO     | core.database.product_repository | Found 28 products near DLV within 30 days
2026-04-17 22:45:42 | INFO     | core.database.product_repository | Found 2 products with passed DLV to remove
2026-04-17 22:45:42 | DEBUG    | controllers.main_controller    | Header data refreshed: 35 transactions, 0 promo, 28 near DLV, 2 to remove
2026-04-17 22:45:42 | DEBUG    | controllers.main_controller    | Product loader thread started
2026-04-17 22:45:42 | DEBUG    | controllers.main_controller    | Products loaded: 418 items
2026-04-17 22:45:42 | DEBUG    | controllers.main_controller    | Products loaded: 418 items
2026-04-17 22:45:43 | DEBUG    | controllers.main_controller    | Totals for 2026-04-17: depenses=0, ventes=215 400, caisse=215 400
2026-04-17 22:45:43 | DEBUG    | controllers.main_controller    | Totals for 2026-04-17: depenses=0, ventes=215 400, caisse=215 400
2026-04-17 22:45:54 | DEBUG    | ui.zone_panier.draft_manager   | Draft set for mode 'vente': True
2026-04-17 22:45:56 | DEBUG    | ui.zone_panier.draft_manager   | Draft cleared for mode 'vente'
2026-04-17 22:46:02 | DEBUG    | controllers.main_controller    | [DEBUG] record_sales called with 1 rows
2026-04-17 22:46:02 | DEBUG    | controllers.main_controller    | Totals for 2026-04-17: depenses=0, ventes=227 400, caisse=227 400
2026-04-17 22:46:02 | INFO     | core.database.product_repository | Found 0 promo products
2026-04-17 22:46:02 | INFO     | core.database.product_repository | Found 28 products near DLV within 30 days
2026-04-17 22:46:02 | INFO     | core.database.product_repository | Found 2 products with passed DLV to remove
2026-04-17 22:46:02 | DEBUG    | controllers.main_controller    | Header data refreshed: 36 transactions, 0 promo, 28 near DLV, 2 to remove
2026-04-17 22:46:02 | DEBUG    | controllers.main_controller    | Product loader thread started
2026-04-17 22:46:02 | DEBUG    | ui.zone_panier.draft_manager   | Draft cleared for mode 'vente'
2026-04-17 22:46:02 | DEBUG    | controllers.main_controller    | Totals for 2026-04-17: depenses=0, ventes=227 400, caisse=227 400
2026-04-17 22:46:02 | INFO     | core.database.product_repository | Found 0 promo products
2026-04-17 22:46:02 | INFO     | core.database.product_repository | Found 28 products near DLV within 30 days
2026-04-17 22:46:02 | INFO     | core.database.product_repository | Found 2 products with passed DLV to remove
2026-04-17 22:46:02 | DEBUG    | controllers.main_controller    | Header data refreshed: 36 transactions, 0 promo, 28 near DLV, 2 to remove
2026-04-17 22:46:02 | DEBUG    | controllers.main_controller    | Product loader thread started
2026-04-17 22:46:02 | DEBUG    | controllers.main_controller    | Products loaded: 418 items
2026-04-17 22:46:02 | DEBUG    | controllers.main_controller    | Products loaded: 418 items
2026-04-17 22:46:02 | DEBUG    | controllers.main_controller    | Totals for 2026-04-17: depenses=0, ventes=227 400, caisse=227 400
2026-04-17 22:46:02 | DEBUG    | controllers.main_controller    | Totals for 2026-04-17: depenses=0, ventes=227 400, caisse=227 400
2026-04-17 22:46:10 | DEBUG    | ui.zone_panier.draft_manager   | Draft set for mode 'vente': True
2026-04-17 22:46:11 | DEBUG    | ui.zone_panier.draft_manager   | Draft cleared for mode 'vente'
2026-04-17 22:46:18 | DEBUG    | ui.zone_panier.draft_manager   | Draft set for mode 'vente': True
2026-04-17 22:46:21 | DEBUG    | ui.zone_panier.draft_manager   | Draft cleared for mode 'vente'
2026-04-17 22:46:27 | DEBUG    | ui.zone_panier.draft_manager   | Draft set for mode 'vente': True
2026-04-17 22:46:28 | DEBUG    | ui.zone_panier.draft_manager   | Draft cleared for mode 'vente'
2026-04-17 22:46:35 | DEBUG    | ui.zone_panier.draft_manager   | Draft set for mode 'vente': True
2026-04-17 22:46:37 | DEBUG    | ui.zone_panier.draft_manager   | Draft cleared for mode 'vente'
2026-04-17 22:46:43 | DEBUG    | ui.zone_panier.draft_manager   | Draft set for mode 'vente': True
2026-04-17 22:46:46 | DEBUG    | ui.zone_panier.draft_manager   | Draft cleared for mode 'vente'
2026-04-17 22:46:49 | DEBUG    | controllers.main_controller    | [DEBUG] record_sales called with 5 rows
2026-04-17 22:46:49 | DEBUG    | controllers.main_controller    | Totals for 2026-04-17: depenses=0, ventes=236 500, caisse=236 500
2026-04-17 22:46:49 | INFO     | core.database.product_repository | Found 0 promo products
2026-04-17 22:46:49 | INFO     | core.database.product_repository | Found 28 products near DLV within 30 days
2026-04-17 22:46:49 | INFO     | core.database.product_repository | Found 2 products with passed DLV to remove
2026-04-17 22:46:49 | DEBUG    | controllers.main_controller    | Header data refreshed: 41 transactions, 0 promo, 28 near DLV, 2 to remove
2026-04-17 22:46:50 | DEBUG    | controllers.main_controller    | Product loader thread started
2026-04-17 22:46:50 | DEBUG    | ui.zone_panier.draft_manager   | Draft cleared for mode 'vente'
2026-04-17 22:46:50 | DEBUG    | controllers.main_controller    | Totals for 2026-04-17: depenses=0, ventes=236 500, caisse=236 500
2026-04-17 22:46:50 | INFO     | core.database.product_repository | Found 0 promo products
2026-04-17 22:46:50 | INFO     | core.database.product_repository | Found 28 products near DLV within 30 days
2026-04-17 22:46:50 | INFO     | core.database.product_repository | Found 2 products with passed DLV to remove
2026-04-17 22:46:50 | DEBUG    | controllers.main_controller    | Header data refreshed: 41 transactions, 0 promo, 28 near DLV, 2 to remove
2026-04-17 22:46:50 | DEBUG    | controllers.main_controller    | Product loader thread started
2026-04-17 22:46:50 | DEBUG    | controllers.main_controller    | Products loaded: 418 items
2026-04-17 22:46:50 | DEBUG    | controllers.main_controller    | Products loaded: 418 items
2026-04-17 22:46:50 | DEBUG    | controllers.main_controller    | Totals for 2026-04-17: depenses=0, ventes=236 500, caisse=236 500
2026-04-17 22:46:50 | DEBUG    | controllers.main_controller    | Totals for 2026-04-17: depenses=0, ventes=236 500, caisse=236 500
2026-04-17 22:47:01 | DEBUG    | ui.zone_panier.draft_manager   | Draft set for mode 'vente': True
2026-04-17 22:47:02 | DEBUG    | ui.zone_panier.draft_manager   | Draft cleared for mode 'vente'
2026-04-17 22:47:06 | DEBUG    | controllers.main_controller    | [DEBUG] record_sales called with 1 rows
2026-04-17 22:47:06 | DEBUG    | controllers.main_controller    | Totals for 2026-04-17: depenses=0, ventes=253 500, caisse=253 500
2026-04-17 22:47:06 | INFO     | core.database.product_repository | Found 0 promo products
2026-04-17 22:47:06 | INFO     | core.database.product_repository | Found 28 products near DLV within 30 days
2026-04-17 22:47:06 | INFO     | core.database.product_repository | Found 2 products with passed DLV to remove
2026-04-17 22:47:06 | DEBUG    | controllers.main_controller    | Header data refreshed: 42 transactions, 0 promo, 28 near DLV, 2 to remove
2026-04-17 22:47:06 | DEBUG    | controllers.main_controller    | Product loader thread started
2026-04-17 22:47:06 | DEBUG    | ui.zone_panier.draft_manager   | Draft cleared for mode 'vente'
2026-04-17 22:47:06 | DEBUG    | controllers.main_controller    | Totals for 2026-04-17: depenses=0, ventes=253 500, caisse=253 500
2026-04-17 22:47:06 | INFO     | core.database.product_repository | Found 0 promo products
2026-04-17 22:47:06 | INFO     | core.database.product_repository | Found 28 products near DLV within 30 days
2026-04-17 22:47:06 | INFO     | core.database.product_repository | Found 2 products with passed DLV to remove
2026-04-17 22:47:06 | DEBUG    | controllers.main_controller    | Header data refreshed: 42 transactions, 0 promo, 28 near DLV, 2 to remove
2026-04-17 22:47:06 | DEBUG    | controllers.main_controller    | Product loader thread started
2026-04-17 22:47:06 | DEBUG    | controllers.main_controller    | Products loaded: 418 items
2026-04-17 22:47:07 | DEBUG    | controllers.main_controller    | Products loaded: 418 items
2026-04-17 22:47:07 | DEBUG    | controllers.main_controller    | Totals for 2026-04-17: depenses=0, ventes=253 500, caisse=253 500
2026-04-17 22:47:07 | DEBUG    | controllers.main_controller    | Totals for 2026-04-17: depenses=0, ventes=253 500, caisse=253 500
2026-04-17 22:47:27 | DEBUG    | ui.zone_panier.draft_manager   | Draft set for mode 'vente': True
2026-04-17 22:47:28 | DEBUG    | ui.zone_panier.draft_manager   | Draft cleared for mode 'vente'
2026-04-17 22:47:30 | DEBUG    | controllers.main_controller    | [DEBUG] record_sales called with 1 rows
2026-04-17 22:47:30 | DEBUG    | controllers.main_controller    | Totals for 2026-04-17: depenses=0, ventes=258 500, caisse=258 500
2026-04-17 22:47:30 | INFO     | core.database.product_repository | Found 0 promo products
2026-04-17 22:47:30 | INFO     | core.database.product_repository | Found 28 products near DLV within 30 days
2026-04-17 22:47:30 | INFO     | core.database.product_repository | Found 2 products with passed DLV to remove
2026-04-17 22:47:30 | DEBUG    | controllers.main_controller    | Header data refreshed: 43 transactions, 0 promo, 28 near DLV, 2 to remove
2026-04-17 22:47:30 | DEBUG    | controllers.main_controller    | Product loader thread started
2026-04-17 22:47:30 | DEBUG    | ui.zone_panier.draft_manager   | Draft cleared for mode 'vente'
2026-04-17 22:47:30 | DEBUG    | controllers.main_controller    | Totals for 2026-04-17: depenses=0, ventes=258 500, caisse=258 500
2026-04-17 22:47:30 | INFO     | core.database.product_repository | Found 0 promo products
2026-04-17 22:47:30 | INFO     | core.database.product_repository | Found 28 products near DLV within 30 days
2026-04-17 22:47:30 | INFO     | core.database.product_repository | Found 2 products with passed DLV to remove
2026-04-17 22:47:30 | DEBUG    | controllers.main_controller    | Header data refreshed: 43 transactions, 0 promo, 28 near DLV, 2 to remove
2026-04-17 22:47:30 | DEBUG    | controllers.main_controller    | Product loader thread started
2026-04-17 22:47:30 | DEBUG    | controllers.main_controller    | Products loaded: 418 items
2026-04-17 22:47:31 | DEBUG    | controllers.main_controller    | Products loaded: 418 items
2026-04-17 22:47:31 | DEBUG    | controllers.main_controller    | Totals for 2026-04-17: depenses=0, ventes=258 500, caisse=258 500
2026-04-17 22:47:31 | DEBUG    | controllers.main_controller    | Totals for 2026-04-17: depenses=0, ventes=258 500, caisse=258 500
2026-04-17 22:48:56 | ERROR    | root                           | Uncaught exception: NameError: name 'envs' is not defined
Traceback (most recent call last):
  File "C:\Users\nak\Documents\Projet\POS-APP\main_window.py", line 470, in _open_closure
    self.zone_actions_etats.open_cloture_simple(date.today().isoformat(), self)
    ~~~~~~~~~~~~~~~~~~~~~~~~~~~~~~~~~~~~~~~~~~~^^^^^^^^^^^^^^^^^^^^^^^^^^^^^^^^
  File "C:\Users\nak\Documents\Projet\POS-APP\ui\zone_actions_etats\actions_states_widget.py", line 232, in open_cloture_simple
    self.tracking_service.close_day(target_day, values)
    ~~~~~~~~~~~~~~~~~~~~~~~~~~~~~~~^^^^^^^^^^^^^^^^^^^^
  File "C:\Users\nak\Documents\Projet\POS-APP\services\suivi_journalier_service.py", line 88, in close_day
    self.db_manager.close_day_from_tracking_form(jour)
    ~~~~~~~~~~~~~~~~~~~~~~~~~~~~~~~~~~~~~~~~~~~~^^^^^^
  File "C:\Users\nak\Documents\Projet\POS-APP\core\database\_manager.py", line 482, in close_day_from_tracking_form
    self.followups.close_day_from_tracking_form(day)
    ~~~~~~~~~~~~~~~~~~~~~~~~~~~~~~~~~~~~~~~~~~~^^^^^
  File "C:\Users\nak\Documents\Projet\POS-APP\repositories\followup_repository.py", line 557, in close_day_from_tracking_form
    self.close_day_and_prepare_next(target_day, final_ca_by_category)
    ~~~~~~~~~~~~~~~~~~~~~~~~~~~~~~~^^^^^^^^^^^^^^^^^^^^^^^^^^^^^^^^^^
  File "C:\Users\nak\Documents\Projet\POS-APP\repositories\followup_repository.py", line 609, in close_day_and_prepare_next
    vente_theorique = si + achats - sf + envs
                                         ^^^^
NameError: name 'envs' is not defined. Did you mean: 'env'?
2026-04-17 23:02:41 | INFO     | controllers.main_controller    | Session closed: 187
2026-04-17 23:04:32 | INFO     | root                           | Log file: C:\Users\nak\Documents\Projet\POS-APP\logs\pos_app_20260417.log
2026-04-17 23:04:32 | INFO     | root                           | === POS Application Starting ===
2026-04-17 23:04:32 | INFO     | root                           | Python: 3.14.4 (tags/v3.14.4:23116f9, Apr  7 2026, 14:10:54) [MSC v.1944 64 bit (AMD64)]
2026-04-17 23:04:32 | INFO     | root                           | Platform: win32
2026-04-17 23:04:37 | INFO     | controllers.main_controller    | Session opened for Caissier 1 (role: caissier) - operateur_id: 53, session_id: 188
2026-04-17 23:04:37 | INFO     | core.database.product_repository | Found 0 promo products
2026-04-17 23:04:37 | INFO     | core.database.product_repository | Found 28 products near DLV within 30 days
2026-04-17 23:04:37 | INFO     | core.database.product_repository | Found 2 products with passed DLV to remove
2026-04-17 23:04:37 | DEBUG    | controllers.main_controller    | Header data refreshed: 43 transactions, 0 promo, 28 near DLV, 2 to remove
2026-04-17 23:04:37 | DEBUG    | controllers.main_controller    | Product loader thread started
2026-04-17 23:04:38 | INFO     | root                           | === Main Window Shown ===
2026-04-17 23:04:38 | INFO     | core.database.product_repository | Found 0 promo products
2026-04-17 23:04:38 | INFO     | core.database.product_repository | Found 28 products near DLV within 30 days
2026-04-17 23:04:38 | INFO     | core.database.product_repository | Found 2 products with passed DLV to remove
2026-04-17 23:04:38 | DEBUG    | controllers.main_controller    | Header data refreshed: 43 transactions, 0 promo, 28 near DLV, 2 to remove
2026-04-17 23:04:38 | DEBUG    | controllers.main_controller    | Products loaded: 418 items
2026-04-17 23:04:50 | DEBUG    | controllers.main_controller    | Totals for 2026-04-17: depenses=0, ventes=258 500, caisse=258 500
2026-04-17 23:04:56 | INFO     | services.data_export_service   | Exported to C:\Users\nak\Documents\Projet\backups\autosave_2026-04-17_20260417_230456.json: 418 products, 43 sales, 0 expenses
2026-04-17 23:04:56 | INFO     | services.autosave_service      | Autosave completed: C:\Users\nak\Documents\Projet\backups\autosave_2026-04-17_20260417_230456.json
2026-04-17 23:04:56 | INFO     | services.daily_reset_service   | Cloture complete for 2026-04-17, executing daily reset
2026-04-17 23:04:56 | INFO     | services.daily_reset_service   | Executing daily reset for date: 2026-04-17
2026-04-17 23:04:56 | INFO     | services.daily_reset_service   | Last closed date set to: 2026-04-17
2026-04-17 23:04:56 | DEBUG    | services.daily_reset_service   | Reset pending flag set to: False
2026-04-17 23:04:56 | INFO     | services.daily_reset_service   | Daily reset completed: closed=2026-04-17, coffre was 0, now reset to 0
2026-04-17 23:04:56 | INFO     | controllers.main_controller    | Daily reset executed after cloture: {'closed_date': '2026-04-17', 'reset_date': '2026-04-17', 'coffre_before': 0, 'coffre_after': 0}
2026-04-17 23:04:56 | DEBUG    | controllers.main_controller    | Totals for 2026-04-17: depenses=0, ventes=258 500, caisse=258 500
2026-04-17 23:04:58 | INFO     | services.suivi_journalier_service | Created next day 2026-04-18 with SI from yesterday SF, CA=0
2026-04-17 23:05:07 | INFO     | ui.dialogs.daily_sales_report_dialog | Exporter PDF clicked - generating report for 2026-04-17
2026-04-17 23:05:09 | INFO     | ui.dialogs.daily_sales_report_dialog | PDF generated: C:\Users\nak\Documents\Journalier-2026-04-17.pdf
2026-04-17 23:05:09 | INFO     | ui.dialogs.daily_sales_report_dialog | PDF opened: C:\Users\nak\Documents\Journalier-2026-04-17.pdf
2026-04-17 23:05:09 | INFO     | controllers.main_controller    | Session closed: 188
2026-04-17 23:05:09 | DEBUG    | controllers.main_controller    | Totals for 2026-04-17: depenses=0, ventes=258 500, caisse=258 500
